<?xml version="1.0" encoding="UTF-8"?>
<testsuite xmlns:xsi="http://www.w3.org/2001/XMLSchema-instance" xsi:noNamespaceSchemaLocation="https://maven.apache.org/surefire/maven-surefire-plugin/xsd/surefire-test-report.xsd" name="samples.AppTest" time="0.105" tests="1" errors="0" skipped="0" failures="0">
  <properties>
    <property name="java.specification.version" value="15"/>
    <property name="sun.jnu.encoding" value="UTF-8"/>
    <property name="java.class.path" value="/home/roland/IdeaProjects/RolandtEst/target/test-classes:/home/roland/IdeaProjects/RolandtEst/target/classes:/home/roland/.m2/repository/org/scala-lang/scala3-library_3/3.1.2-RC1-bin-20220120-246ee6a-NIGHTLY/scala3-library_3-3.1.2-RC1-bin-20220120-246ee6a-NIGHTLY.jar:/home/roland/.m2/repository/org/scala-lang/scala-library/2.13.6/scala-library-2.13.6.jar:/home/roland/.m2/repository/junit/junit/4.12/junit-4.12.jar:/home/roland/.m2/repository/org/hamcrest/hamcrest-core/1.3/hamcrest-core-1.3.jar:"/>
    <property name="java.vm.vendor" value="Amazon.com Inc."/>
    <property name="sun.arch.data.model" value="64"/>
    <property name="java.vendor.url" value="https://aws.amazon.com/corretto/"/>
    <property name="os.name" value="Linux"/>
    <property name="java.vm.specification.version" value="15"/>
    <property name="sun.java.launcher" value="SUN_STANDARD"/>
    <property name="user.country" value="US"/>
    <property name="sun.boot.library.path" value="/home/roland/.jdks/corretto-15.0.2/lib"/>
    <property name="sun.java.command" value="/home/roland/IdeaProjects/RolandtEst/target/surefire/surefirebooter2762498653109796800.jar /home/roland/IdeaProjects/RolandtEst/target/surefire 2022-01-22T15-19-53_917-jvmRun1 surefire9166884638958767886tmp surefire_0892229900100248035tmp"/>
    <property name="jdk.debug" value="release"/>
    <property name="surefire.test.class.path" value="/home/roland/IdeaProjects/RolandtEst/target/test-classes:/home/roland/IdeaProjects/RolandtEst/target/classes:/home/roland/.m2/repository/org/scala-lang/scala3-library_3/3.1.2-RC1-bin-20220120-246ee6a-NIGHTLY/scala3-library_3-3.1.2-RC1-bin-20220120-246ee6a-NIGHTLY.jar:/home/roland/.m2/repository/org/scala-lang/scala-library/2.13.6/scala-library-2.13.6.jar:/home/roland/.m2/repository/junit/junit/4.12/junit-4.12.jar:/home/roland/.m2/repository/org/hamcrest/hamcrest-core/1.3/hamcrest-core-1.3.jar:"/>
    <property name="sun.cpu.endian" value="little"/>
    <property name="user.home" value="/home/roland"/>
    <property name="user.language" value="en"/>
    <property name="java.specification.vendor" value="Oracle Corporation"/>
    <property name="java.version.date" value="2021-01-19"/>
    <property name="java.home" value="/home/roland/.jdks/corretto-15.0.2"/>
    <property name="file.separator" value="/"/>
    <property name="basedir" value="/home/roland/IdeaProjects/RolandtEst"/>
    <property name="java.vm.compressedOopsMode" value="32-bit"/>
    <property name="line.separator" value="&#10;"/>
    <property name="java.vm.specification.vendor" value="Oracle Corporation"/>
    <property name="java.specification.name" value="Java Platform API Specification"/>
    <property name="surefire.real.class.path" value="/home/roland/IdeaProjects/RolandtEst/target/surefire/surefirebooter2762498653109796800.jar"/>
    <property name="sun.management.compiler" value="HotSpot 64-Bit Tiered Compilers"/>
    <property name="java.runtime.version" value="15.0.2+7"/>
    <property name="user.name" value="roland"/>
    <property name="path.separator" value=":"/>
    <property name="os.version" value="5.14.14-arch1-1"/>
    <property name="java.runtime.name" value="OpenJDK Runtime Environment"/>
    <property name="file.encoding" value="UTF-8"/>
    <property name="java.vm.name" value="OpenJDK 64-Bit Server VM"/>
    <property name="java.vendor.version" value="Corretto-15.0.2.7.1"/>
    <property name="localRepository" value="/home/roland/.m2/repository"/>
    <property name="java.vendor.url.bug" value="https://github.com/corretto/corretto-jdk/issues/"/>
    <property name="java.io.tmpdir" value="/tmp"/>
    <property name="idea.version" value="2021.3.1"/>
    <property name="java.version" value="15.0.2"/>
    <property name="user.dir" value="/home/roland/IdeaProjects/RolandtEst"/>
    <property name="os.arch" value="amd64"/>
    <property name="java.vm.specification.name" value="Java Virtual Machine Specification"/>
    <property name="java.library.path" value="/usr/java/packages/lib:/usr/lib64:/lib64:/lib:/usr/lib"/>
    <property name="java.vm.info" value="mixed mode, sharing"/>
    <property name="java.vendor" value="Amazon.com Inc."/>
    <property name="java.vm.version" value="15.0.2+7"/>
    <property name="sun.io.unicode.encoding" value="UnicodeLittle"/>
    <property name="java.class.version" value="59.0"/>
  </properties>
  <testcase name="testOK" classname="samples.AppTest" time="0.002"/>
</testsuite>